[2024-04-11 15:00:44,225] multiqc                                            [DEBUG  ]  This is MultiQC v1.21
[2024-04-11 15:00:44,225] multiqc                                            [DEBUG  ]  Command used: /home/vincent/.local/bin/multiqc TRIMMEDDATA/FASTQC_TRIMMED/SRR15276518.R1_fastqc.html TRIMMEDDATA/FASTQC_TRIMMED/SRR15276518.R1_fastqc.zip TRIMMEDDATA/FASTQC_TRIMMED/SRR15276518.R2_fastqc.html TRIMMEDDATA/FASTQC_TRIMMED/SRR15276518.R2_fastqc.zip TRIMMEDDATA/FASTQC_TRIMMED/SRR15276519.R1_fastqc.html TRIMMEDDATA/FASTQC_TRIMMED/SRR15276519.R1_fastqc.zip TRIMMEDDATA/FASTQC_TRIMMED/SRR15276519.R2_fastqc.html TRIMMEDDATA/FASTQC_TRIMMED/SRR15276519.R2_fastqc.zip TRIMMEDDATA/FASTQC_TRIMMED/SRR15276520.R1_fastqc.html TRIMMEDDATA/FASTQC_TRIMMED/SRR15276520.R1_fastqc.zip TRIMMEDDATA/FASTQC_TRIMMED/SRR15276520.R2_fastqc.html TRIMMEDDATA/FASTQC_TRIMMED/SRR15276520.R2_fastqc.zip TRIMMEDDATA/FASTQC_TRIMMED/SRR15276521.R1_fastqc.html TRIMMEDDATA/FASTQC_TRIMMED/SRR15276521.R1_fastqc.zip TRIMMEDDATA/FASTQC_TRIMMED/SRR15276521.R2_fastqc.html TRIMMEDDATA/FASTQC_TRIMMED/SRR15276521.R2_fastqc.zip TRIMMEDDATA/FASTQC_TRIMMED/SRR15276522.R1_fastqc.html TRIMMEDDATA/FASTQC_TRIMMED/SRR15276522.R1_fastqc.zip TRIMMEDDATA/FASTQC_TRIMMED/SRR15276522.R2_fastqc.html TRIMMEDDATA/FASTQC_TRIMMED/SRR15276522.R2_fastqc.zip TRIMMEDDATA/FASTQC_TRIMMED/SRR15276523.R1_fastqc.html TRIMMEDDATA/FASTQC_TRIMMED/SRR15276523.R1_fastqc.zip TRIMMEDDATA/FASTQC_TRIMMED/SRR15276523.R2_fastqc.html TRIMMEDDATA/FASTQC_TRIMMED/SRR15276523.R2_fastqc.zip TRIMMEDDATA/FASTQC_TRIMMED/SRR15276524.R1_fastqc.html TRIMMEDDATA/FASTQC_TRIMMED/SRR15276524.R1_fastqc.zip TRIMMEDDATA/FASTQC_TRIMMED/SRR15276524.R2_fastqc.html TRIMMEDDATA/FASTQC_TRIMMED/SRR15276524.R2_fastqc.zip TRIMMEDDATA/FASTQC_TRIMMED/SRR15276525.R1_fastqc.html TRIMMEDDATA/FASTQC_TRIMMED/SRR15276525.R1_fastqc.zip TRIMMEDDATA/FASTQC_TRIMMED/SRR15276525.R2_fastqc.html TRIMMEDDATA/FASTQC_TRIMMED/SRR15276525.R2_fastqc.zip TRIMMEDDATA/FASTQC_TRIMMED/SRR15276526.R1_fastqc.html TRIMMEDDATA/FASTQC_TRIMMED/SRR15276526.R1_fastqc.zip TRIMMEDDATA/FASTQC_TRIMMED/SRR15276526.R2_fastqc.html TRIMMEDDATA/FASTQC_TRIMMED/SRR15276526.R2_fastqc.zip TRIMMEDDATA/FASTQC_TRIMMED/SRR15276527.R1_fastqc.html TRIMMEDDATA/FASTQC_TRIMMED/SRR15276527.R1_fastqc.zip TRIMMEDDATA/FASTQC_TRIMMED/SRR15276527.R2_fastqc.html TRIMMEDDATA/FASTQC_TRIMMED/SRR15276527.R2_fastqc.zip TRIMMEDDATA/FASTQC_TRIMMED/SRR15276528.R1_fastqc.html TRIMMEDDATA/FASTQC_TRIMMED/SRR15276528.R1_fastqc.zip TRIMMEDDATA/FASTQC_TRIMMED/SRR15276528.R2_fastqc.html TRIMMEDDATA/FASTQC_TRIMMED/SRR15276528.R2_fastqc.zip TRIMMEDDATA/FASTQC_TRIMMED/SRR15276529.R1_fastqc.html TRIMMEDDATA/FASTQC_TRIMMED/SRR15276529.R1_fastqc.zip TRIMMEDDATA/FASTQC_TRIMMED/SRR15276529.R2_fastqc.html TRIMMEDDATA/FASTQC_TRIMMED/SRR15276529.R2_fastqc.zip TRIMMEDDATA/FASTQC_TRIMMED/SRR15276530.R1_fastqc.html TRIMMEDDATA/FASTQC_TRIMMED/SRR15276530.R1_fastqc.zip TRIMMEDDATA/FASTQC_TRIMMED/SRR15276530.R2_fastqc.html TRIMMEDDATA/FASTQC_TRIMMED/SRR15276530.R2_fastqc.zip TRIMMEDDATA/FASTQC_TRIMMED/SRR15276531.R1_fastqc.html TRIMMEDDATA/FASTQC_TRIMMED/SRR15276531.R1_fastqc.zip TRIMMEDDATA/FASTQC_TRIMMED/SRR15276531.R2_fastqc.html TRIMMEDDATA/FASTQC_TRIMMED/SRR15276531.R2_fastqc.zip TRIMMEDDATA/FASTQC_TRIMMED/SRR15276532.R1_fastqc.html TRIMMEDDATA/FASTQC_TRIMMED/SRR15276532.R1_fastqc.zip TRIMMEDDATA/FASTQC_TRIMMED/SRR15276532.R2_fastqc.html TRIMMEDDATA/FASTQC_TRIMMED/SRR15276532.R2_fastqc.zip TRIMMEDDATA/FASTQC_TRIMMED/SRR15276533.R1_fastqc.html TRIMMEDDATA/FASTQC_TRIMMED/SRR15276533.R1_fastqc.zip TRIMMEDDATA/FASTQC_TRIMMED/SRR15276533.R2_fastqc.html TRIMMEDDATA/FASTQC_TRIMMED/SRR15276533.R2_fastqc.zip TRIMMEDDATA/FASTQC_TRIMMED/SRR15276534.R1_fastqc.html TRIMMEDDATA/FASTQC_TRIMMED/SRR15276534.R1_fastqc.zip TRIMMEDDATA/FASTQC_TRIMMED/SRR15276534.R2_fastqc.html TRIMMEDDATA/FASTQC_TRIMMED/SRR15276534.R2_fastqc.zip TRIMMEDDATA/FASTQC_TRIMMED/SRR15276535.R1_fastqc.html TRIMMEDDATA/FASTQC_TRIMMED/SRR15276535.R1_fastqc.zip TRIMMEDDATA/FASTQC_TRIMMED/SRR15276535.R2_fastqc.html TRIMMEDDATA/FASTQC_TRIMMED/SRR15276535.R2_fastqc.zip TRIMMEDDATA/FASTQC_TRIMMED/SRR15276536.R1_fastqc.html TRIMMEDDATA/FASTQC_TRIMMED/SRR15276536.R1_fastqc.zip TRIMMEDDATA/FASTQC_TRIMMED/SRR15276536.R2_fastqc.html TRIMMEDDATA/FASTQC_TRIMMED/SRR15276536.R2_fastqc.zip TRIMMEDDATA/FASTQC_TRIMMED/SRR15276537.R1_fastqc.html TRIMMEDDATA/FASTQC_TRIMMED/SRR15276537.R1_fastqc.zip TRIMMEDDATA/FASTQC_TRIMMED/SRR15276537.R2_fastqc.html TRIMMEDDATA/FASTQC_TRIMMED/SRR15276537.R2_fastqc.zip TRIMMEDDATA/FASTQC_TRIMMED/SRR15276538.R1_fastqc.html TRIMMEDDATA/FASTQC_TRIMMED/SRR15276538.R1_fastqc.zip TRIMMEDDATA/FASTQC_TRIMMED/SRR15276538.R2_fastqc.html TRIMMEDDATA/FASTQC_TRIMMED/SRR15276538.R2_fastqc.zip TRIMMEDDATA/FASTQC_TRIMMED/SRR15276539.R1_fastqc.html TRIMMEDDATA/FASTQC_TRIMMED/SRR15276539.R1_fastqc.zip TRIMMEDDATA/FASTQC_TRIMMED/SRR15276539.R2_fastqc.html TRIMMEDDATA/FASTQC_TRIMMED/SRR15276539.R2_fastqc.zip TRIMMEDDATA/FASTQC_TRIMMED/SRR15276540.R1_fastqc.html TRIMMEDDATA/FASTQC_TRIMMED/SRR15276540.R1_fastqc.zip TRIMMEDDATA/FASTQC_TRIMMED/SRR15276540.R2_fastqc.html TRIMMEDDATA/FASTQC_TRIMMED/SRR15276540.R2_fastqc.zip TRIMMEDDATA/FASTQC_TRIMMED/SRR15276541.R1_fastqc.html TRIMMEDDATA/FASTQC_TRIMMED/SRR15276541.R1_fastqc.zip TRIMMEDDATA/FASTQC_TRIMMED/SRR15276541.R2_fastqc.html TRIMMEDDATA/FASTQC_TRIMMED/SRR15276541.R2_fastqc.zip TRIMMEDDATA/FASTQC_TRIMMED/SRR15276542.R1_fastqc.html TRIMMEDDATA/FASTQC_TRIMMED/SRR15276542.R1_fastqc.zip TRIMMEDDATA/FASTQC_TRIMMED/SRR15276542.R2_fastqc.html TRIMMEDDATA/FASTQC_TRIMMED/SRR15276542.R2_fastqc.zip TRIMMEDDATA/FASTQC_TRIMMED/SRR15276543.R1_fastqc.html TRIMMEDDATA/FASTQC_TRIMMED/SRR15276543.R1_fastqc.zip TRIMMEDDATA/FASTQC_TRIMMED/SRR15276543.R2_fastqc.html TRIMMEDDATA/FASTQC_TRIMMED/SRR15276543.R2_fastqc.zip TRIMMEDDATA/FASTQC_TRIMMED/SRR15276544.R1_fastqc.html TRIMMEDDATA/FASTQC_TRIMMED/SRR15276544.R1_fastqc.zip TRIMMEDDATA/FASTQC_TRIMMED/SRR15276544.R2_fastqc.html TRIMMEDDATA/FASTQC_TRIMMED/SRR15276544.R2_fastqc.zip TRIMMEDDATA/FASTQC_TRIMMED/SRR15276545.R1_fastqc.html TRIMMEDDATA/FASTQC_TRIMMED/SRR15276545.R1_fastqc.zip TRIMMEDDATA/FASTQC_TRIMMED/SRR15276545.R2_fastqc.html TRIMMEDDATA/FASTQC_TRIMMED/SRR15276545.R2_fastqc.zip TRIMMEDDATA/FASTQC_TRIMMED/SRR15276546.R1_fastqc.html TRIMMEDDATA/FASTQC_TRIMMED/SRR15276546.R1_fastqc.zip TRIMMEDDATA/FASTQC_TRIMMED/SRR15276546.R2_fastqc.html TRIMMEDDATA/FASTQC_TRIMMED/SRR15276546.R2_fastqc.zip TRIMMEDDATA/FASTQC_TRIMMED/SRR15276547.R1_fastqc.html TRIMMEDDATA/FASTQC_TRIMMED/SRR15276547.R1_fastqc.zip TRIMMEDDATA/FASTQC_TRIMMED/SRR15276547.R2_fastqc.html TRIMMEDDATA/FASTQC_TRIMMED/SRR15276547.R2_fastqc.zip -o TRIMMEDDATA/MULTIQC_TRIMMED --interactive --title Trimmed data
[2024-04-11 15:00:44,423] multiqc                                            [DEBUG  ]  Latest MultiQC version is v1.21, released 2024-02-28
[2024-04-11 15:00:44,423] multiqc                                            [DEBUG  ]  Working dir : /home/vincent/Documents/project/Metagenomics 2024/data/Trypanosoma_exposure
[2024-04-11 15:00:44,423] multiqc                                            [DEBUG  ]  Template    : default
[2024-04-11 15:00:44,423] multiqc                                            [DEBUG  ]  Running Python 3.11.6 (main, Oct  8 2023, 05:06:43) [GCC 13.2.0]
[2024-04-11 15:00:44,423] multiqc                                            [INFO   ]  Report title: Trimmed data
[2024-04-11 15:00:44,424] multiqc                                            [DEBUG  ]  Analysing modules: custom_content, ccs, ngsderive, purple, conpair, isoseq, lima, peddy, somalier, methylqa, mosdepth, phantompeakqualtools, qualimap, bamdst, preseq, hifiasm, quast, qorts, rna_seqc, rockhopper, rsem, rseqc, busco, bustools, goleft_indexcov, gffcompare, disambiguate, supernova, deeptools, sargasso, verifybamid, mirtrace, happy, mirtop, sambamba, gopeaks, homer, hops, macs2, theta2, snpeff, gatk, htseq, bcftools, featureCounts, fgbio, dragen, dragen_fastqc, dedup, pbmarkdup, damageprofiler, mapdamage, biobambam2, jcvi, mtnucratio, picard, vep, bakta, prokka, qc3C, nanostat, samblaster, samtools, sexdeterrmine, seqera_cli, eigenstratdatabasetools, bamtools, jellyfish, vcftools, longranger, stacks, varscan2, snippy, umitools, truvari, megahit, bbmap, bismark, biscuit, diamond, hicexplorer, hicup, hicpro, salmon, kallisto, slamdunk, star, hisat2, tophat, bowtie2, bowtie1, cellranger, snpsplit, odgi, pangolin, nextclade, freyja, humid, kat, leehom, librarian, nonpareil, adapterRemoval, bbduk, clipandmerge, cutadapt, flexbar, sourmash, kaiju, bracken, kraken, malt, motus, trimmomatic, sickle, skewer, sortmerna, biobloomtools, fastq_screen, afterqc, fastp, fastqc, filtlong, prinseqplusplus, pychopper, porechop, pycoqc, minionqc, anglerfish, multivcfanalyzer, clusterflow, checkqc, bcl2fastq, bclconvert, interop, ivar, flash, seqyclean, optitype, whatshap, spaceranger, xenome, xengsort, metaphlan, seqwho
[2024-04-11 15:00:44,424] multiqc                                            [DEBUG  ]  Using temporary directory for creating report: /tmp/tmpn5dufudo
[2024-04-11 15:00:44,426] multiqc                                            [INFO   ]  Search path : /home/vincent/Documents/project/Metagenomics 2024/data/Trypanosoma_exposure/TRIMMEDDATA/FASTQC_TRIMMED/SRR15276518.R1_fastqc.html
[2024-04-11 15:00:44,426] multiqc                                            [INFO   ]  Search path : /home/vincent/Documents/project/Metagenomics 2024/data/Trypanosoma_exposure/TRIMMEDDATA/FASTQC_TRIMMED/SRR15276518.R1_fastqc.zip
[2024-04-11 15:00:44,426] multiqc                                            [INFO   ]  Search path : /home/vincent/Documents/project/Metagenomics 2024/data/Trypanosoma_exposure/TRIMMEDDATA/FASTQC_TRIMMED/SRR15276518.R2_fastqc.html
[2024-04-11 15:00:44,426] multiqc                                            [INFO   ]  Search path : /home/vincent/Documents/project/Metagenomics 2024/data/Trypanosoma_exposure/TRIMMEDDATA/FASTQC_TRIMMED/SRR15276518.R2_fastqc.zip
[2024-04-11 15:00:44,426] multiqc                                            [INFO   ]  Search path : /home/vincent/Documents/project/Metagenomics 2024/data/Trypanosoma_exposure/TRIMMEDDATA/FASTQC_TRIMMED/SRR15276519.R1_fastqc.html
[2024-04-11 15:00:44,426] multiqc                                            [INFO   ]  Search path : /home/vincent/Documents/project/Metagenomics 2024/data/Trypanosoma_exposure/TRIMMEDDATA/FASTQC_TRIMMED/SRR15276519.R1_fastqc.zip
[2024-04-11 15:00:44,427] multiqc                                            [INFO   ]  Search path : /home/vincent/Documents/project/Metagenomics 2024/data/Trypanosoma_exposure/TRIMMEDDATA/FASTQC_TRIMMED/SRR15276519.R2_fastqc.html
[2024-04-11 15:00:44,427] multiqc                                            [INFO   ]  Search path : /home/vincent/Documents/project/Metagenomics 2024/data/Trypanosoma_exposure/TRIMMEDDATA/FASTQC_TRIMMED/SRR15276519.R2_fastqc.zip
[2024-04-11 15:00:44,427] multiqc                                            [INFO   ]  Search path : /home/vincent/Documents/project/Metagenomics 2024/data/Trypanosoma_exposure/TRIMMEDDATA/FASTQC_TRIMMED/SRR15276520.R1_fastqc.html
[2024-04-11 15:00:44,427] multiqc                                            [INFO   ]  Search path : /home/vincent/Documents/project/Metagenomics 2024/data/Trypanosoma_exposure/TRIMMEDDATA/FASTQC_TRIMMED/SRR15276520.R1_fastqc.zip
[2024-04-11 15:00:44,427] multiqc                                            [INFO   ]  Search path : /home/vincent/Documents/project/Metagenomics 2024/data/Trypanosoma_exposure/TRIMMEDDATA/FASTQC_TRIMMED/SRR15276520.R2_fastqc.html
[2024-04-11 15:00:44,427] multiqc                                            [INFO   ]  Search path : /home/vincent/Documents/project/Metagenomics 2024/data/Trypanosoma_exposure/TRIMMEDDATA/FASTQC_TRIMMED/SRR15276520.R2_fastqc.zip
[2024-04-11 15:00:44,427] multiqc                                            [INFO   ]  Search path : /home/vincent/Documents/project/Metagenomics 2024/data/Trypanosoma_exposure/TRIMMEDDATA/FASTQC_TRIMMED/SRR15276521.R1_fastqc.html
[2024-04-11 15:00:44,427] multiqc                                            [INFO   ]  Search path : /home/vincent/Documents/project/Metagenomics 2024/data/Trypanosoma_exposure/TRIMMEDDATA/FASTQC_TRIMMED/SRR15276521.R1_fastqc.zip
[2024-04-11 15:00:44,427] multiqc                                            [INFO   ]  Search path : /home/vincent/Documents/project/Metagenomics 2024/data/Trypanosoma_exposure/TRIMMEDDATA/FASTQC_TRIMMED/SRR15276521.R2_fastqc.html
[2024-04-11 15:00:44,427] multiqc                                            [INFO   ]  Search path : /home/vincent/Documents/project/Metagenomics 2024/data/Trypanosoma_exposure/TRIMMEDDATA/FASTQC_TRIMMED/SRR15276521.R2_fastqc.zip
[2024-04-11 15:00:44,427] multiqc                                            [INFO   ]  Search path : /home/vincent/Documents/project/Metagenomics 2024/data/Trypanosoma_exposure/TRIMMEDDATA/FASTQC_TRIMMED/SRR15276522.R1_fastqc.html
[2024-04-11 15:00:44,427] multiqc                                            [INFO   ]  Search path : /home/vincent/Documents/project/Metagenomics 2024/data/Trypanosoma_exposure/TRIMMEDDATA/FASTQC_TRIMMED/SRR15276522.R1_fastqc.zip
[2024-04-11 15:00:44,428] multiqc                                            [INFO   ]  Search path : /home/vincent/Documents/project/Metagenomics 2024/data/Trypanosoma_exposure/TRIMMEDDATA/FASTQC_TRIMMED/SRR15276522.R2_fastqc.html
[2024-04-11 15:00:44,428] multiqc                                            [INFO   ]  Search path : /home/vincent/Documents/project/Metagenomics 2024/data/Trypanosoma_exposure/TRIMMEDDATA/FASTQC_TRIMMED/SRR15276522.R2_fastqc.zip
[2024-04-11 15:00:44,428] multiqc                                            [INFO   ]  Search path : /home/vincent/Documents/project/Metagenomics 2024/data/Trypanosoma_exposure/TRIMMEDDATA/FASTQC_TRIMMED/SRR15276523.R1_fastqc.html
[2024-04-11 15:00:44,428] multiqc                                            [INFO   ]  Search path : /home/vincent/Documents/project/Metagenomics 2024/data/Trypanosoma_exposure/TRIMMEDDATA/FASTQC_TRIMMED/SRR15276523.R1_fastqc.zip
[2024-04-11 15:00:44,428] multiqc                                            [INFO   ]  Search path : /home/vincent/Documents/project/Metagenomics 2024/data/Trypanosoma_exposure/TRIMMEDDATA/FASTQC_TRIMMED/SRR15276523.R2_fastqc.html
[2024-04-11 15:00:44,428] multiqc                                            [INFO   ]  Search path : /home/vincent/Documents/project/Metagenomics 2024/data/Trypanosoma_exposure/TRIMMEDDATA/FASTQC_TRIMMED/SRR15276523.R2_fastqc.zip
[2024-04-11 15:00:44,428] multiqc                                            [INFO   ]  Search path : /home/vincent/Documents/project/Metagenomics 2024/data/Trypanosoma_exposure/TRIMMEDDATA/FASTQC_TRIMMED/SRR15276524.R1_fastqc.html
[2024-04-11 15:00:44,428] multiqc                                            [INFO   ]  Search path : /home/vincent/Documents/project/Metagenomics 2024/data/Trypanosoma_exposure/TRIMMEDDATA/FASTQC_TRIMMED/SRR15276524.R1_fastqc.zip
[2024-04-11 15:00:44,428] multiqc                                            [INFO   ]  Search path : /home/vincent/Documents/project/Metagenomics 2024/data/Trypanosoma_exposure/TRIMMEDDATA/FASTQC_TRIMMED/SRR15276524.R2_fastqc.html
[2024-04-11 15:00:44,428] multiqc                                            [INFO   ]  Search path : /home/vincent/Documents/project/Metagenomics 2024/data/Trypanosoma_exposure/TRIMMEDDATA/FASTQC_TRIMMED/SRR15276524.R2_fastqc.zip
[2024-04-11 15:00:44,428] multiqc                                            [INFO   ]  Search path : /home/vincent/Documents/project/Metagenomics 2024/data/Trypanosoma_exposure/TRIMMEDDATA/FASTQC_TRIMMED/SRR15276525.R1_fastqc.html
[2024-04-11 15:00:44,428] multiqc                                            [INFO   ]  Search path : /home/vincent/Documents/project/Metagenomics 2024/data/Trypanosoma_exposure/TRIMMEDDATA/FASTQC_TRIMMED/SRR15276525.R1_fastqc.zip
[2024-04-11 15:00:44,428] multiqc                                            [INFO   ]  Search path : /home/vincent/Documents/project/Metagenomics 2024/data/Trypanosoma_exposure/TRIMMEDDATA/FASTQC_TRIMMED/SRR15276525.R2_fastqc.html
[2024-04-11 15:00:44,429] multiqc                                            [INFO   ]  Search path : /home/vincent/Documents/project/Metagenomics 2024/data/Trypanosoma_exposure/TRIMMEDDATA/FASTQC_TRIMMED/SRR15276525.R2_fastqc.zip
[2024-04-11 15:00:44,429] multiqc                                            [INFO   ]  Search path : /home/vincent/Documents/project/Metagenomics 2024/data/Trypanosoma_exposure/TRIMMEDDATA/FASTQC_TRIMMED/SRR15276526.R1_fastqc.html
[2024-04-11 15:00:44,429] multiqc                                            [INFO   ]  Search path : /home/vincent/Documents/project/Metagenomics 2024/data/Trypanosoma_exposure/TRIMMEDDATA/FASTQC_TRIMMED/SRR15276526.R1_fastqc.zip
[2024-04-11 15:00:44,429] multiqc                                            [INFO   ]  Search path : /home/vincent/Documents/project/Metagenomics 2024/data/Trypanosoma_exposure/TRIMMEDDATA/FASTQC_TRIMMED/SRR15276526.R2_fastqc.html
[2024-04-11 15:00:44,429] multiqc                                            [INFO   ]  Search path : /home/vincent/Documents/project/Metagenomics 2024/data/Trypanosoma_exposure/TRIMMEDDATA/FASTQC_TRIMMED/SRR15276526.R2_fastqc.zip
[2024-04-11 15:00:44,429] multiqc                                            [INFO   ]  Search path : /home/vincent/Documents/project/Metagenomics 2024/data/Trypanosoma_exposure/TRIMMEDDATA/FASTQC_TRIMMED/SRR15276527.R1_fastqc.html
[2024-04-11 15:00:44,429] multiqc                                            [INFO   ]  Search path : /home/vincent/Documents/project/Metagenomics 2024/data/Trypanosoma_exposure/TRIMMEDDATA/FASTQC_TRIMMED/SRR15276527.R1_fastqc.zip
[2024-04-11 15:00:44,429] multiqc                                            [INFO   ]  Search path : /home/vincent/Documents/project/Metagenomics 2024/data/Trypanosoma_exposure/TRIMMEDDATA/FASTQC_TRIMMED/SRR15276527.R2_fastqc.html
[2024-04-11 15:00:44,429] multiqc                                            [INFO   ]  Search path : /home/vincent/Documents/project/Metagenomics 2024/data/Trypanosoma_exposure/TRIMMEDDATA/FASTQC_TRIMMED/SRR15276527.R2_fastqc.zip
[2024-04-11 15:00:44,429] multiqc                                            [INFO   ]  Search path : /home/vincent/Documents/project/Metagenomics 2024/data/Trypanosoma_exposure/TRIMMEDDATA/FASTQC_TRIMMED/SRR15276528.R1_fastqc.html
[2024-04-11 15:00:44,429] multiqc                                            [INFO   ]  Search path : /home/vincent/Documents/project/Metagenomics 2024/data/Trypanosoma_exposure/TRIMMEDDATA/FASTQC_TRIMMED/SRR15276528.R1_fastqc.zip
[2024-04-11 15:00:44,429] multiqc                                            [INFO   ]  Search path : /home/vincent/Documents/project/Metagenomics 2024/data/Trypanosoma_exposure/TRIMMEDDATA/FASTQC_TRIMMED/SRR15276528.R2_fastqc.html
[2024-04-11 15:00:44,430] multiqc                                            [INFO   ]  Search path : /home/vincent/Documents/project/Metagenomics 2024/data/Trypanosoma_exposure/TRIMMEDDATA/FASTQC_TRIMMED/SRR15276528.R2_fastqc.zip
[2024-04-11 15:00:44,430] multiqc                                            [INFO   ]  Search path : /home/vincent/Documents/project/Metagenomics 2024/data/Trypanosoma_exposure/TRIMMEDDATA/FASTQC_TRIMMED/SRR15276529.R1_fastqc.html
[2024-04-11 15:00:44,430] multiqc                                            [INFO   ]  Search path : /home/vincent/Documents/project/Metagenomics 2024/data/Trypanosoma_exposure/TRIMMEDDATA/FASTQC_TRIMMED/SRR15276529.R1_fastqc.zip
[2024-04-11 15:00:44,430] multiqc                                            [INFO   ]  Search path : /home/vincent/Documents/project/Metagenomics 2024/data/Trypanosoma_exposure/TRIMMEDDATA/FASTQC_TRIMMED/SRR15276529.R2_fastqc.html
[2024-04-11 15:00:44,430] multiqc                                            [INFO   ]  Search path : /home/vincent/Documents/project/Metagenomics 2024/data/Trypanosoma_exposure/TRIMMEDDATA/FASTQC_TRIMMED/SRR15276529.R2_fastqc.zip
[2024-04-11 15:00:44,430] multiqc                                            [INFO   ]  Search path : /home/vincent/Documents/project/Metagenomics 2024/data/Trypanosoma_exposure/TRIMMEDDATA/FASTQC_TRIMMED/SRR15276530.R1_fastqc.html
[2024-04-11 15:00:44,430] multiqc                                            [INFO   ]  Search path : /home/vincent/Documents/project/Metagenomics 2024/data/Trypanosoma_exposure/TRIMMEDDATA/FASTQC_TRIMMED/SRR15276530.R1_fastqc.zip
[2024-04-11 15:00:44,430] multiqc                                            [INFO   ]  Search path : /home/vincent/Documents/project/Metagenomics 2024/data/Trypanosoma_exposure/TRIMMEDDATA/FASTQC_TRIMMED/SRR15276530.R2_fastqc.html
[2024-04-11 15:00:44,430] multiqc                                            [INFO   ]  Search path : /home/vincent/Documents/project/Metagenomics 2024/data/Trypanosoma_exposure/TRIMMEDDATA/FASTQC_TRIMMED/SRR15276530.R2_fastqc.zip
[2024-04-11 15:00:44,430] multiqc                                            [INFO   ]  Search path : /home/vincent/Documents/project/Metagenomics 2024/data/Trypanosoma_exposure/TRIMMEDDATA/FASTQC_TRIMMED/SRR15276531.R1_fastqc.html
[2024-04-11 15:00:44,430] multiqc                                            [INFO   ]  Search path : /home/vincent/Documents/project/Metagenomics 2024/data/Trypanosoma_exposure/TRIMMEDDATA/FASTQC_TRIMMED/SRR15276531.R1_fastqc.zip
[2024-04-11 15:00:44,430] multiqc                                            [INFO   ]  Search path : /home/vincent/Documents/project/Metagenomics 2024/data/Trypanosoma_exposure/TRIMMEDDATA/FASTQC_TRIMMED/SRR15276531.R2_fastqc.html
[2024-04-11 15:00:44,430] multiqc                                            [INFO   ]  Search path : /home/vincent/Documents/project/Metagenomics 2024/data/Trypanosoma_exposure/TRIMMEDDATA/FASTQC_TRIMMED/SRR15276531.R2_fastqc.zip
[2024-04-11 15:00:44,430] multiqc                                            [INFO   ]  Search path : /home/vincent/Documents/project/Metagenomics 2024/data/Trypanosoma_exposure/TRIMMEDDATA/FASTQC_TRIMMED/SRR15276532.R1_fastqc.html
[2024-04-11 15:00:44,430] multiqc                                            [INFO   ]  Search path : /home/vincent/Documents/project/Metagenomics 2024/data/Trypanosoma_exposure/TRIMMEDDATA/FASTQC_TRIMMED/SRR15276532.R1_fastqc.zip
[2024-04-11 15:00:44,430] multiqc                                            [INFO   ]  Search path : /home/vincent/Documents/project/Metagenomics 2024/data/Trypanosoma_exposure/TRIMMEDDATA/FASTQC_TRIMMED/SRR15276532.R2_fastqc.html
[2024-04-11 15:00:44,430] multiqc                                            [INFO   ]  Search path : /home/vincent/Documents/project/Metagenomics 2024/data/Trypanosoma_exposure/TRIMMEDDATA/FASTQC_TRIMMED/SRR15276532.R2_fastqc.zip
[2024-04-11 15:00:44,430] multiqc                                            [INFO   ]  Search path : /home/vincent/Documents/project/Metagenomics 2024/data/Trypanosoma_exposure/TRIMMEDDATA/FASTQC_TRIMMED/SRR15276533.R1_fastqc.html
[2024-04-11 15:00:44,430] multiqc                                            [INFO   ]  Search path : /home/vincent/Documents/project/Metagenomics 2024/data/Trypanosoma_exposure/TRIMMEDDATA/FASTQC_TRIMMED/SRR15276533.R1_fastqc.zip
[2024-04-11 15:00:44,430] multiqc                                            [INFO   ]  Search path : /home/vincent/Documents/project/Metagenomics 2024/data/Trypanosoma_exposure/TRIMMEDDATA/FASTQC_TRIMMED/SRR15276533.R2_fastqc.html
[2024-04-11 15:00:44,430] multiqc                                            [INFO   ]  Search path : /home/vincent/Documents/project/Metagenomics 2024/data/Trypanosoma_exposure/TRIMMEDDATA/FASTQC_TRIMMED/SRR15276533.R2_fastqc.zip
[2024-04-11 15:00:44,430] multiqc                                            [INFO   ]  Search path : /home/vincent/Documents/project/Metagenomics 2024/data/Trypanosoma_exposure/TRIMMEDDATA/FASTQC_TRIMMED/SRR15276534.R1_fastqc.html
[2024-04-11 15:00:44,430] multiqc                                            [INFO   ]  Search path : /home/vincent/Documents/project/Metagenomics 2024/data/Trypanosoma_exposure/TRIMMEDDATA/FASTQC_TRIMMED/SRR15276534.R1_fastqc.zip
[2024-04-11 15:00:44,430] multiqc                                            [INFO   ]  Search path : /home/vincent/Documents/project/Metagenomics 2024/data/Trypanosoma_exposure/TRIMMEDDATA/FASTQC_TRIMMED/SRR15276534.R2_fastqc.html
[2024-04-11 15:00:44,431] multiqc                                            [INFO   ]  Search path : /home/vincent/Documents/project/Metagenomics 2024/data/Trypanosoma_exposure/TRIMMEDDATA/FASTQC_TRIMMED/SRR15276534.R2_fastqc.zip
[2024-04-11 15:00:44,431] multiqc                                            [INFO   ]  Search path : /home/vincent/Documents/project/Metagenomics 2024/data/Trypanosoma_exposure/TRIMMEDDATA/FASTQC_TRIMMED/SRR15276535.R1_fastqc.html
[2024-04-11 15:00:44,431] multiqc                                            [INFO   ]  Search path : /home/vincent/Documents/project/Metagenomics 2024/data/Trypanosoma_exposure/TRIMMEDDATA/FASTQC_TRIMMED/SRR15276535.R1_fastqc.zip
[2024-04-11 15:00:44,431] multiqc                                            [INFO   ]  Search path : /home/vincent/Documents/project/Metagenomics 2024/data/Trypanosoma_exposure/TRIMMEDDATA/FASTQC_TRIMMED/SRR15276535.R2_fastqc.html
[2024-04-11 15:00:44,431] multiqc                                            [INFO   ]  Search path : /home/vincent/Documents/project/Metagenomics 2024/data/Trypanosoma_exposure/TRIMMEDDATA/FASTQC_TRIMMED/SRR15276535.R2_fastqc.zip
[2024-04-11 15:00:44,431] multiqc                                            [INFO   ]  Search path : /home/vincent/Documents/project/Metagenomics 2024/data/Trypanosoma_exposure/TRIMMEDDATA/FASTQC_TRIMMED/SRR15276536.R1_fastqc.html
[2024-04-11 15:00:44,431] multiqc                                            [INFO   ]  Search path : /home/vincent/Documents/project/Metagenomics 2024/data/Trypanosoma_exposure/TRIMMEDDATA/FASTQC_TRIMMED/SRR15276536.R1_fastqc.zip
[2024-04-11 15:00:44,431] multiqc                                            [INFO   ]  Search path : /home/vincent/Documents/project/Metagenomics 2024/data/Trypanosoma_exposure/TRIMMEDDATA/FASTQC_TRIMMED/SRR15276536.R2_fastqc.html
[2024-04-11 15:00:44,431] multiqc                                            [INFO   ]  Search path : /home/vincent/Documents/project/Metagenomics 2024/data/Trypanosoma_exposure/TRIMMEDDATA/FASTQC_TRIMMED/SRR15276536.R2_fastqc.zip
[2024-04-11 15:00:44,431] multiqc                                            [INFO   ]  Search path : /home/vincent/Documents/project/Metagenomics 2024/data/Trypanosoma_exposure/TRIMMEDDATA/FASTQC_TRIMMED/SRR15276537.R1_fastqc.html
[2024-04-11 15:00:44,431] multiqc                                            [INFO   ]  Search path : /home/vincent/Documents/project/Metagenomics 2024/data/Trypanosoma_exposure/TRIMMEDDATA/FASTQC_TRIMMED/SRR15276537.R1_fastqc.zip
[2024-04-11 15:00:44,431] multiqc                                            [INFO   ]  Search path : /home/vincent/Documents/project/Metagenomics 2024/data/Trypanosoma_exposure/TRIMMEDDATA/FASTQC_TRIMMED/SRR15276537.R2_fastqc.html
[2024-04-11 15:00:44,431] multiqc                                            [INFO   ]  Search path : /home/vincent/Documents/project/Metagenomics 2024/data/Trypanosoma_exposure/TRIMMEDDATA/FASTQC_TRIMMED/SRR15276537.R2_fastqc.zip
[2024-04-11 15:00:44,431] multiqc                                            [INFO   ]  Search path : /home/vincent/Documents/project/Metagenomics 2024/data/Trypanosoma_exposure/TRIMMEDDATA/FASTQC_TRIMMED/SRR15276538.R1_fastqc.html
[2024-04-11 15:00:44,431] multiqc                                            [INFO   ]  Search path : /home/vincent/Documents/project/Metagenomics 2024/data/Trypanosoma_exposure/TRIMMEDDATA/FASTQC_TRIMMED/SRR15276538.R1_fastqc.zip
[2024-04-11 15:00:44,431] multiqc                                            [INFO   ]  Search path : /home/vincent/Documents/project/Metagenomics 2024/data/Trypanosoma_exposure/TRIMMEDDATA/FASTQC_TRIMMED/SRR15276538.R2_fastqc.html
[2024-04-11 15:00:44,431] multiqc                                            [INFO   ]  Search path : /home/vincent/Documents/project/Metagenomics 2024/data/Trypanosoma_exposure/TRIMMEDDATA/FASTQC_TRIMMED/SRR15276538.R2_fastqc.zip
[2024-04-11 15:00:44,431] multiqc                                            [INFO   ]  Search path : /home/vincent/Documents/project/Metagenomics 2024/data/Trypanosoma_exposure/TRIMMEDDATA/FASTQC_TRIMMED/SRR15276539.R1_fastqc.html
[2024-04-11 15:00:44,431] multiqc                                            [INFO   ]  Search path : /home/vincent/Documents/project/Metagenomics 2024/data/Trypanosoma_exposure/TRIMMEDDATA/FASTQC_TRIMMED/SRR15276539.R1_fastqc.zip
[2024-04-11 15:00:44,431] multiqc                                            [INFO   ]  Search path : /home/vincent/Documents/project/Metagenomics 2024/data/Trypanosoma_exposure/TRIMMEDDATA/FASTQC_TRIMMED/SRR15276539.R2_fastqc.html
[2024-04-11 15:00:44,431] multiqc                                            [INFO   ]  Search path : /home/vincent/Documents/project/Metagenomics 2024/data/Trypanosoma_exposure/TRIMMEDDATA/FASTQC_TRIMMED/SRR15276539.R2_fastqc.zip
[2024-04-11 15:00:44,431] multiqc                                            [INFO   ]  Search path : /home/vincent/Documents/project/Metagenomics 2024/data/Trypanosoma_exposure/TRIMMEDDATA/FASTQC_TRIMMED/SRR15276540.R1_fastqc.html
[2024-04-11 15:00:44,431] multiqc                                            [INFO   ]  Search path : /home/vincent/Documents/project/Metagenomics 2024/data/Trypanosoma_exposure/TRIMMEDDATA/FASTQC_TRIMMED/SRR15276540.R1_fastqc.zip
[2024-04-11 15:00:44,431] multiqc                                            [INFO   ]  Search path : /home/vincent/Documents/project/Metagenomics 2024/data/Trypanosoma_exposure/TRIMMEDDATA/FASTQC_TRIMMED/SRR15276540.R2_fastqc.html
[2024-04-11 15:00:44,432] multiqc                                            [INFO   ]  Search path : /home/vincent/Documents/project/Metagenomics 2024/data/Trypanosoma_exposure/TRIMMEDDATA/FASTQC_TRIMMED/SRR15276540.R2_fastqc.zip
[2024-04-11 15:00:44,432] multiqc                                            [INFO   ]  Search path : /home/vincent/Documents/project/Metagenomics 2024/data/Trypanosoma_exposure/TRIMMEDDATA/FASTQC_TRIMMED/SRR15276541.R1_fastqc.html
[2024-04-11 15:00:44,432] multiqc                                            [INFO   ]  Search path : /home/vincent/Documents/project/Metagenomics 2024/data/Trypanosoma_exposure/TRIMMEDDATA/FASTQC_TRIMMED/SRR15276541.R1_fastqc.zip
[2024-04-11 15:00:44,432] multiqc                                            [INFO   ]  Search path : /home/vincent/Documents/project/Metagenomics 2024/data/Trypanosoma_exposure/TRIMMEDDATA/FASTQC_TRIMMED/SRR15276541.R2_fastqc.html
[2024-04-11 15:00:44,432] multiqc                                            [INFO   ]  Search path : /home/vincent/Documents/project/Metagenomics 2024/data/Trypanosoma_exposure/TRIMMEDDATA/FASTQC_TRIMMED/SRR15276541.R2_fastqc.zip
[2024-04-11 15:00:44,432] multiqc                                            [INFO   ]  Search path : /home/vincent/Documents/project/Metagenomics 2024/data/Trypanosoma_exposure/TRIMMEDDATA/FASTQC_TRIMMED/SRR15276542.R1_fastqc.html
[2024-04-11 15:00:44,432] multiqc                                            [INFO   ]  Search path : /home/vincent/Documents/project/Metagenomics 2024/data/Trypanosoma_exposure/TRIMMEDDATA/FASTQC_TRIMMED/SRR15276542.R1_fastqc.zip
[2024-04-11 15:00:44,432] multiqc                                            [INFO   ]  Search path : /home/vincent/Documents/project/Metagenomics 2024/data/Trypanosoma_exposure/TRIMMEDDATA/FASTQC_TRIMMED/SRR15276542.R2_fastqc.html
[2024-04-11 15:00:44,432] multiqc                                            [INFO   ]  Search path : /home/vincent/Documents/project/Metagenomics 2024/data/Trypanosoma_exposure/TRIMMEDDATA/FASTQC_TRIMMED/SRR15276542.R2_fastqc.zip
[2024-04-11 15:00:44,432] multiqc                                            [INFO   ]  Search path : /home/vincent/Documents/project/Metagenomics 2024/data/Trypanosoma_exposure/TRIMMEDDATA/FASTQC_TRIMMED/SRR15276543.R1_fastqc.html
[2024-04-11 15:00:44,432] multiqc                                            [INFO   ]  Search path : /home/vincent/Documents/project/Metagenomics 2024/data/Trypanosoma_exposure/TRIMMEDDATA/FASTQC_TRIMMED/SRR15276543.R1_fastqc.zip
[2024-04-11 15:00:44,432] multiqc                                            [INFO   ]  Search path : /home/vincent/Documents/project/Metagenomics 2024/data/Trypanosoma_exposure/TRIMMEDDATA/FASTQC_TRIMMED/SRR15276543.R2_fastqc.html
[2024-04-11 15:00:44,432] multiqc                                            [INFO   ]  Search path : /home/vincent/Documents/project/Metagenomics 2024/data/Trypanosoma_exposure/TRIMMEDDATA/FASTQC_TRIMMED/SRR15276543.R2_fastqc.zip
[2024-04-11 15:00:44,432] multiqc                                            [INFO   ]  Search path : /home/vincent/Documents/project/Metagenomics 2024/data/Trypanosoma_exposure/TRIMMEDDATA/FASTQC_TRIMMED/SRR15276544.R1_fastqc.html
[2024-04-11 15:00:44,432] multiqc                                            [INFO   ]  Search path : /home/vincent/Documents/project/Metagenomics 2024/data/Trypanosoma_exposure/TRIMMEDDATA/FASTQC_TRIMMED/SRR15276544.R1_fastqc.zip
[2024-04-11 15:00:44,432] multiqc                                            [INFO   ]  Search path : /home/vincent/Documents/project/Metagenomics 2024/data/Trypanosoma_exposure/TRIMMEDDATA/FASTQC_TRIMMED/SRR15276544.R2_fastqc.html
[2024-04-11 15:00:44,432] multiqc                                            [INFO   ]  Search path : /home/vincent/Documents/project/Metagenomics 2024/data/Trypanosoma_exposure/TRIMMEDDATA/FASTQC_TRIMMED/SRR15276544.R2_fastqc.zip
[2024-04-11 15:00:44,432] multiqc                                            [INFO   ]  Search path : /home/vincent/Documents/project/Metagenomics 2024/data/Trypanosoma_exposure/TRIMMEDDATA/FASTQC_TRIMMED/SRR15276545.R1_fastqc.html
[2024-04-11 15:00:44,432] multiqc                                            [INFO   ]  Search path : /home/vincent/Documents/project/Metagenomics 2024/data/Trypanosoma_exposure/TRIMMEDDATA/FASTQC_TRIMMED/SRR15276545.R1_fastqc.zip
[2024-04-11 15:00:44,432] multiqc                                            [INFO   ]  Search path : /home/vincent/Documents/project/Metagenomics 2024/data/Trypanosoma_exposure/TRIMMEDDATA/FASTQC_TRIMMED/SRR15276545.R2_fastqc.html
[2024-04-11 15:00:44,432] multiqc                                            [INFO   ]  Search path : /home/vincent/Documents/project/Metagenomics 2024/data/Trypanosoma_exposure/TRIMMEDDATA/FASTQC_TRIMMED/SRR15276545.R2_fastqc.zip
[2024-04-11 15:00:44,432] multiqc                                            [INFO   ]  Search path : /home/vincent/Documents/project/Metagenomics 2024/data/Trypanosoma_exposure/TRIMMEDDATA/FASTQC_TRIMMED/SRR15276546.R1_fastqc.html
[2024-04-11 15:00:44,432] multiqc                                            [INFO   ]  Search path : /home/vincent/Documents/project/Metagenomics 2024/data/Trypanosoma_exposure/TRIMMEDDATA/FASTQC_TRIMMED/SRR15276546.R1_fastqc.zip
[2024-04-11 15:00:44,432] multiqc                                            [INFO   ]  Search path : /home/vincent/Documents/project/Metagenomics 2024/data/Trypanosoma_exposure/TRIMMEDDATA/FASTQC_TRIMMED/SRR15276546.R2_fastqc.html
[2024-04-11 15:00:44,432] multiqc                                            [INFO   ]  Search path : /home/vincent/Documents/project/Metagenomics 2024/data/Trypanosoma_exposure/TRIMMEDDATA/FASTQC_TRIMMED/SRR15276546.R2_fastqc.zip
[2024-04-11 15:00:44,433] multiqc                                            [INFO   ]  Search path : /home/vincent/Documents/project/Metagenomics 2024/data/Trypanosoma_exposure/TRIMMEDDATA/FASTQC_TRIMMED/SRR15276547.R1_fastqc.html
[2024-04-11 15:00:44,433] multiqc                                            [INFO   ]  Search path : /home/vincent/Documents/project/Metagenomics 2024/data/Trypanosoma_exposure/TRIMMEDDATA/FASTQC_TRIMMED/SRR15276547.R1_fastqc.zip
[2024-04-11 15:00:44,433] multiqc                                            [INFO   ]  Search path : /home/vincent/Documents/project/Metagenomics 2024/data/Trypanosoma_exposure/TRIMMEDDATA/FASTQC_TRIMMED/SRR15276547.R2_fastqc.html
[2024-04-11 15:00:44,433] multiqc                                            [INFO   ]  Search path : /home/vincent/Documents/project/Metagenomics 2024/data/Trypanosoma_exposure/TRIMMEDDATA/FASTQC_TRIMMED/SRR15276547.R2_fastqc.zip
[2024-04-11 15:00:45,179] multiqc                                            [DEBUG  ]  Summary of files that were skipped by the search: [skipped_module_specific_max_filesize: 780] // [skipped_no_match: 60]
[2024-04-11 15:00:45,204] multiqc                                            [DEBUG  ]  No samples found: custom_content
[2024-04-11 15:00:45,297] multiqc.modules.fastqc.fastqc                      [INFO   ]  Found 60 reports
[2024-04-11 15:00:45,297] multiqc.utils.util_functions                       [DEBUG  ]  Wrote data file multiqc_fastqc.txt
[2024-04-11 15:00:45,472] multiqc.plots.plotly.heatmap                       [DEBUG  ]  Resizing from 450x660 to fit the maximum size 900x500
[2024-04-11 15:00:45,472] multiqc.plots.plotly.heatmap                       [DEBUG  ]  Heatmap size: 900x500, px per element: 90.00x8.33
[2024-04-11 15:00:45,477] multiqc.utils.software_versions                    [DEBUG  ]  Reading software versions from config.software_versions
[2024-04-11 15:00:45,478] multiqc.utils.util_functions                       [DEBUG  ]  Wrote data file multiqc_software_versions.txt
[2024-04-11 15:00:45,527] multiqc.utils.util_functions                       [DEBUG  ]  Wrote data file multiqc_general_stats.txt
[2024-04-11 15:00:45,528] multiqc                                            [DEBUG  ]  Compressing plot data
[2024-04-11 15:00:46,195] multiqc.utils.util_functions                       [DEBUG  ]  Wrote data file multiqc_data.json
[2024-04-11 15:00:46,196] multiqc                                            [INFO   ]  Report      : TRIMMEDDATA/MULTIQC_TRIMMED/Trimmed-data_multiqc_report.html
[2024-04-11 15:00:46,196] multiqc                                            [INFO   ]  Data        : TRIMMEDDATA/MULTIQC_TRIMMED/Trimmed-data_multiqc_report_data
[2024-04-11 15:00:46,196] multiqc                                            [DEBUG  ]  Moving data file from '/tmp/tmpn5dufudo/multiqc_data' to '/home/vincent/Documents/project/Metagenomics 2024/data/Trypanosoma_exposure/TRIMMEDDATA/MULTIQC_TRIMMED/Trimmed-data_multiqc_report_data'
[2024-04-11 15:00:46,205] multiqc                                            [DEBUG  ]  Full report path: /home/vincent/Documents/project/Metagenomics 2024/data/Trypanosoma_exposure/TRIMMEDDATA/MULTIQC_TRIMMED/Trimmed-data_multiqc_report.html
[2024-04-11 15:00:46,352] multiqc                                            [INFO   ]  MultiQC complete
